<?xml version="1.0" encoding="UTF-8"?>
<!-- Generated by org.testng.reporters.JUnitXMLReporter -->
<testsuite ignored="0" hostname="rashidali" failures="0" tests="6" name="APITest" time="6.114" errors="0" timestamp="2022-12-22T15:59:40 PKT">
  <testcase classname="apiAutomation.ApiAutomation" name="TC0001_GETUserStats" time="1.043"/>
  <testcase classname="apiAutomation.ApiAutomation" name="TC0025_GETApproachMissLastRound" time="0.467"/>
  <testcase classname="apiAutomation.ApiAutomation" name="TC0026_GETApproachMissLastRoundMinDistance150" time="0.488"/>
  <testcase classname="apiAutomation.ApiAutomation" name="TC0027_GETApproachMissLastThreeRoundMaxDistance100" time="0.486"/>
  <testcase classname="apiAutomation.ApiAutomation" name="TC0028_GETApproachMissLastThreeRoundMaxDistance150" time="0.468"/>
  <testcase classname="apiAutomation.ApiAutomation" name="TC0029_GETApproachMissLastThreeRoundMinDistance150" time="0.47"/>
</testsuite> <!-- APITest -->
