<?xml version="1.0" encoding="UTF-8"?>
<!-- Generated by org.testng.reporters.JUnitXMLReporter -->
<testsuite ignored="0" hostname="rashidali" failures="1" tests="6" name="HFTest" time="6.769" errors="0" timestamp="2022-12-22T11:03:14 PKT">
  <testcase classname="apiAutomation.ApiAutomation" name="TC0001_GETUserStats" time="1.036"/>
  <testcase classname="apiAutomation.ApiAutomation" name="TC0025_GETApproachMissLastRound" time="0.529"/>
  <testcase classname="apiAutomation.ApiAutomation" name="TC0026_GETApproachMissLastRoundMinDistance150" time="0.486"/>
  <testcase classname="apiAutomation.ApiAutomation" name="TC0027_GETApproachMissLastThreeRoundMaxDistance100" time="0.474"/>
  <testcase classname="apiAutomation.ApiAutomation" name="TC0028_GETApproachMissLastThreeRoundMaxDistance150" time="0.475"/>
  <testcase classname="apiAutomation.ApiAutomation" name="TC0029_GETApproachMissLastThreeRoundMinDistance150" time="0.473">
    <failure type="java.lang.NullPointerException" message="Cannot invoke &amp;quot;com.aventstack.extentreports.ExtentTest.log(com.aventstack.extentreports.Status, String)&amp;quot; because &amp;quot;utilities.ReportingListener.logger&amp;quot; is null">
      <![CDATA[java.lang.NullPointerException: Cannot invoke "com.aventstack.extentreports.ExtentTest.log(com.aventstack.extentreports.Status, String)" because "utilities.ReportingListener.logger" is null
at utilities.ReportingListener.onSuccess(ReportingListener.java:39)
at apiAutomation.ApiAutomation.TC0029_GETApproachMissLastThreeRoundMinDistance150(ApiAutomation.java:1419)
at java.base/java.util.ArrayList.forEach(ArrayList.java:1511)
... Removed 27 stack frames]]>
    </failure>
  </testcase> <!-- TC0029_GETApproachMissLastThreeRoundMinDistance150 -->
</testsuite> <!-- HFTest -->
