<?xml version="1.0" encoding="UTF-8"?>
<!-- Generated by org.testng.reporters.JUnitXMLReporter -->
<testsuite ignored="0" hostname="rashidali" failures="0" tests="32" name="Default test" time="38.848" errors="0" timestamp="2023-01-02T17:46:01 PKT">
  <testcase classname="apiAutomation.ApiAutomation" name="TC0001_GETUserStats" time="1.084"/>
  <testcase classname="apiAutomation.ApiAutomation" name="TC0002_GETRoundStats" time="2.559"/>
  <testcase classname="apiAutomation.ApiAutomation" name="TC0003_GETUserAttribute" time="1.199"/>
  <testcase classname="apiAutomation.ApiAutomation" name="TC0004_GETActivityFeed" time="2.269"/>
  <testcase classname="apiAutomation.ApiAutomation" name="TC0005_GETRecommendedUsers" time="0.533"/>
  <testcase classname="apiAutomation.ApiAutomation" name="TC0006_GETComments" time="0.492"/>
  <testcase classname="apiAutomation.ApiAutomation" name="TC0007_POSTComments" time="0.694"/>
  <testcase classname="apiAutomation.ApiAutomation" name="TC0008_GETFollowings" time="1.174"/>
  <testcase classname="apiAutomation.ApiAutomation" name="TC0009_GETFollowers" time="0.455"/>
  <testcase classname="apiAutomation.ApiAutomation" name="TC0010_GETPro" time="0.476"/>
  <testcase classname="apiAutomation.ApiAutomation" name="TC0011_GETPro" time="0.494"/>
  <testcase classname="apiAutomation.ApiAutomation" name="TC0012_GETPro" time="0.475"/>
  <testcase classname="apiAutomation.ApiAutomation" name="TC00013_POSTSearchPlayer" time="0.68"/>
  <testcase classname="apiAutomation.ApiAutomation" name="TC0014_GETCompareAllRounds" time="0.496"/>
  <testcase classname="apiAutomation.ApiAutomation" name="TC0015_GETCompareLastTenRounds" time="0.482"/>
  <testcase classname="apiAutomation.ApiAutomation" name="TC0016_GETGolfCourse" time="2.031"/>
  <testcase classname="apiAutomation.ApiAutomation" name="TC0017_GETGolfCoursePlayers" time="1.599"/>
  <testcase classname="apiAutomation.ApiAutomation" name="TC0018_GETGolfCourseRounds" time="2.447"/>
  <testcase classname="apiAutomation.ApiAutomation" name="TC0019_GETGolfCourseNearby" time="8.694"/>
  <testcase classname="apiAutomation.ApiAutomation" name="TC0020_GETGolfCourseActivities" time="2.298"/>
  <testcase classname="apiAutomation.ApiAutomation" name="TC0021_GETStrokeGainLastRound" time="0.491"/>
  <testcase classname="apiAutomation.ApiAutomation" name="TC0022_GETStrokeGainLastRound" time="0.482"/>
  <testcase classname="apiAutomation.ApiAutomation" name="TC0023_GETApproachMissLastRound" time="0.465"/>
  <testcase classname="apiAutomation.ApiAutomation" name="TC0024_GETApproachMissLastRound" time="0.462"/>
  <testcase classname="apiAutomation.ApiAutomation" name="TC0025_GETApproachMissLastRound" time="0.46"/>
  <testcase classname="apiAutomation.ApiAutomation" name="TC0026_GETApproachMissLastRoundMinDistance150" time="0.465"/>
  <testcase classname="apiAutomation.ApiAutomation" name="TC0027_GETApproachMissLastThreeRoundMaxDistance100" time="0.46"/>
  <testcase classname="apiAutomation.ApiAutomation" name="TC0028_GETApproachMissLastThreeRoundMaxDistance150" time="0.484"/>
  <testcase classname="apiAutomation.ApiAutomation" name="TC0029_GETApproachMissLastThreeRoundMinDistance150" time="0.474"/>
  <testcase classname="apiAutomation.ApiAutomation" name="TC0030_GETApproachTeeMissLastRound" time="0.48"/>
  <testcase classname="apiAutomation.ApiAutomation" name="TC0031_GETApproachTeeMissLastThreeRound" time="0.473"/>
  <testcase classname="apiAutomation.ApiAutomation" name="TC0032_GETApproachTeeMissLastThreeRound" time="0.455"/>
</testsuite> <!-- Default test -->
