<?xml version="1.0" encoding="UTF-8"?>
<!-- Generated by org.testng.reporters.JUnitXMLReporter -->
<testsuite ignored="0" hostname="Rahmed-lt" failures="0" tests="24" name="Default test" time="42.647" errors="0" timestamp="2022-12-01T13:51:08 PKT">
  <testcase classname="apiAutomation.ApiAutomation" name="TC0001_GETUserStats" time="1.571"/>
  <testcase classname="apiAutomation.ApiAutomation" name="TC0002_GETRoundStats" time="9.19"/>
  <testcase classname="apiAutomation.ApiAutomation" name="TC0003_GETUserAttribute" time="1.203"/>
  <testcase classname="apiAutomation.ApiAutomation" name="TC0004_GETActivityFeed" time="2.134"/>
  <testcase classname="apiAutomation.ApiAutomation" name="TC0005_GETRecommendedUsers" time="0.546"/>
  <testcase classname="apiAutomation.ApiAutomation" name="TC0006_GETComments" time="0.464"/>
  <testcase classname="apiAutomation.ApiAutomation" name="TC0007_POSTComments" time="0.583"/>
  <testcase classname="apiAutomation.ApiAutomation" name="TC0008_GETFollowings" time="0.911"/>
  <testcase classname="apiAutomation.ApiAutomation" name="TC0009_GETFollowers" time="0.459"/>
  <testcase classname="apiAutomation.ApiAutomation" name="TC0010_GETPro" time="0.478"/>
  <testcase classname="apiAutomation.ApiAutomation" name="TC0011_GETPro" time="0.488"/>
  <testcase classname="apiAutomation.ApiAutomation" name="TC0012_GETPro" time="0.503"/>
  <testcase classname="apiAutomation.ApiAutomation" name="TC00013_POSTSearchPlayer" time="0.679"/>
  <testcase classname="apiAutomation.ApiAutomation" name="TC0014_GETCompareAllRounds" time="0.462"/>
  <testcase classname="apiAutomation.ApiAutomation" name="TC0015_GETCompareLastTenRounds" time="0.478"/>
  <testcase classname="apiAutomation.ApiAutomation" name="TC0016_GETGolfCourse" time="2.02"/>
  <testcase classname="apiAutomation.ApiAutomation" name="TC0017_GETGolfCoursePlayers" time="1.549"/>
  <testcase classname="apiAutomation.ApiAutomation" name="TC0018_GETGolfCourseRounds" time="2.444"/>
  <testcase classname="apiAutomation.ApiAutomation" name="TC0019_GETGolfCourseNearby" time="7.173"/>
  <testcase classname="apiAutomation.ApiAutomation" name="TC0020_GETGolfCourseActivities" time="2.136"/>
  <testcase classname="apiAutomation.ApiAutomation" name="TC0021_GETStrokeGainLastRound" time="0.989"/>
  <testcase classname="apiAutomation.ApiAutomation" name="TC0022_GETStrokeGainLastRound" time="0.476"/>
  <testcase classname="apiAutomation.ApiAutomation" name="TC0023_GETApproachMissLastRound" time="0.465"/>
  <testcase classname="apiAutomation.ApiAutomation" name="TC0024_GETApproachMissLastRound" time="0.449"/>
</testsuite> <!-- Default test -->
