<?xml version="1.0" encoding="UTF-8"?>
<testng-results ignored="0" total="24" passed="24" failed="0" skipped="0">
  <reporter-output>
  </reporter-output>
  <suite started-at="2022-12-01T13:50:25 PKT" name="Default suite" finished-at="2022-12-01T13:51:08 PKT" duration-ms="42647">
    <groups>
    </groups>
    <test started-at="2022-12-01T13:50:25 PKT" name="Default test" finished-at="2022-12-01T13:51:08 PKT" duration-ms="42647">
      <class name="apiAutomation.ApiAutomation">
        <test-method is-config="true" signature="POSTLoginUser()[pri:0, instance:apiAutomation.ApiAutomation@71809907]" started-at="2022-12-01T13:50:25 PKT" name="POSTLoginUser" finished-at="2022-12-01T13:50:29 PKT" duration-ms="3643" status="PASS">
          <reporter-output>
          </reporter-output>
        </test-method> <!-- POSTLoginUser -->
        <test-method signature="TC0001_GETUserStats()[pri:1, instance:apiAutomation.ApiAutomation@71809907]" started-at="2022-12-01T13:50:29 PKT" name="TC0001_GETUserStats" finished-at="2022-12-01T13:50:31 PKT" duration-ms="1571" status="PASS">
          <reporter-output>
          </reporter-output>
        </test-method> <!-- TC0001_GETUserStats -->
        <test-method signature="TC0002_GETRoundStats()[pri:2, instance:apiAutomation.ApiAutomation@71809907]" started-at="2022-12-01T13:50:31 PKT" name="TC0002_GETRoundStats" finished-at="2022-12-01T13:50:40 PKT" duration-ms="9190" status="PASS">
          <reporter-output>
          </reporter-output>
        </test-method> <!-- TC0002_GETRoundStats -->
        <test-method signature="TC0003_GETUserAttribute()[pri:3, instance:apiAutomation.ApiAutomation@71809907]" started-at="2022-12-01T13:50:40 PKT" name="TC0003_GETUserAttribute" finished-at="2022-12-01T13:50:41 PKT" duration-ms="1203" status="PASS">
          <reporter-output>
          </reporter-output>
        </test-method> <!-- TC0003_GETUserAttribute -->
        <test-method signature="TC0004_GETActivityFeed()[pri:4, instance:apiAutomation.ApiAutomation@71809907]" started-at="2022-12-01T13:50:41 PKT" name="TC0004_GETActivityFeed" finished-at="2022-12-01T13:50:43 PKT" duration-ms="2134" status="PASS">
          <reporter-output>
          </reporter-output>
        </test-method> <!-- TC0004_GETActivityFeed -->
        <test-method signature="TC0005_GETRecommendedUsers()[pri:5, instance:apiAutomation.ApiAutomation@71809907]" started-at="2022-12-01T13:50:43 PKT" name="TC0005_GETRecommendedUsers" finished-at="2022-12-01T13:50:44 PKT" duration-ms="546" status="PASS">
          <reporter-output>
          </reporter-output>
        </test-method> <!-- TC0005_GETRecommendedUsers -->
        <test-method signature="TC0006_GETComments()[pri:6, instance:apiAutomation.ApiAutomation@71809907]" started-at="2022-12-01T13:50:44 PKT" name="TC0006_GETComments" finished-at="2022-12-01T13:50:44 PKT" duration-ms="464" status="PASS">
          <reporter-output>
          </reporter-output>
        </test-method> <!-- TC0006_GETComments -->
        <test-method signature="TC0007_POSTComments()[pri:7, instance:apiAutomation.ApiAutomation@71809907]" started-at="2022-12-01T13:50:44 PKT" name="TC0007_POSTComments" finished-at="2022-12-01T13:50:45 PKT" duration-ms="583" status="PASS">
          <reporter-output>
          </reporter-output>
        </test-method> <!-- TC0007_POSTComments -->
        <test-method signature="TC0008_GETFollowings()[pri:8, instance:apiAutomation.ApiAutomation@71809907]" started-at="2022-12-01T13:50:45 PKT" name="TC0008_GETFollowings" finished-at="2022-12-01T13:50:46 PKT" duration-ms="911" status="PASS">
          <reporter-output>
          </reporter-output>
        </test-method> <!-- TC0008_GETFollowings -->
        <test-method signature="TC0009_GETFollowers()[pri:9, instance:apiAutomation.ApiAutomation@71809907]" started-at="2022-12-01T13:50:46 PKT" name="TC0009_GETFollowers" finished-at="2022-12-01T13:50:46 PKT" duration-ms="459" status="PASS">
          <reporter-output>
          </reporter-output>
        </test-method> <!-- TC0009_GETFollowers -->
        <test-method signature="TC0010_GETPro()[pri:10, instance:apiAutomation.ApiAutomation@71809907]" started-at="2022-12-01T13:50:46 PKT" name="TC0010_GETPro" finished-at="2022-12-01T13:50:47 PKT" duration-ms="478" status="PASS">
          <reporter-output>
          </reporter-output>
        </test-method> <!-- TC0010_GETPro -->
        <test-method signature="TC0011_GETPro()[pri:11, instance:apiAutomation.ApiAutomation@71809907]" started-at="2022-12-01T13:50:47 PKT" name="TC0011_GETPro" finished-at="2022-12-01T13:50:47 PKT" duration-ms="488" status="PASS">
          <reporter-output>
          </reporter-output>
        </test-method> <!-- TC0011_GETPro -->
        <test-method signature="TC0012_GETPro()[pri:12, instance:apiAutomation.ApiAutomation@71809907]" started-at="2022-12-01T13:50:47 PKT" name="TC0012_GETPro" finished-at="2022-12-01T13:50:48 PKT" duration-ms="503" status="PASS">
          <reporter-output>
          </reporter-output>
        </test-method> <!-- TC0012_GETPro -->
        <test-method signature="TC00013_POSTSearchPlayer()[pri:13, instance:apiAutomation.ApiAutomation@71809907]" started-at="2022-12-01T13:50:48 PKT" name="TC00013_POSTSearchPlayer" finished-at="2022-12-01T13:50:48 PKT" duration-ms="679" status="PASS">
          <reporter-output>
          </reporter-output>
        </test-method> <!-- TC00013_POSTSearchPlayer -->
        <test-method signature="TC0014_GETCompareAllRounds()[pri:14, instance:apiAutomation.ApiAutomation@71809907]" started-at="2022-12-01T13:50:48 PKT" name="TC0014_GETCompareAllRounds" finished-at="2022-12-01T13:50:49 PKT" duration-ms="462" status="PASS">
          <reporter-output>
          </reporter-output>
        </test-method> <!-- TC0014_GETCompareAllRounds -->
        <test-method signature="TC0015_GETCompareLastTenRounds()[pri:15, instance:apiAutomation.ApiAutomation@71809907]" started-at="2022-12-01T13:50:49 PKT" name="TC0015_GETCompareLastTenRounds" finished-at="2022-12-01T13:50:49 PKT" duration-ms="478" status="PASS">
          <reporter-output>
          </reporter-output>
        </test-method> <!-- TC0015_GETCompareLastTenRounds -->
        <test-method signature="TC0016_GETGolfCourse()[pri:16, instance:apiAutomation.ApiAutomation@71809907]" started-at="2022-12-01T13:50:49 PKT" name="TC0016_GETGolfCourse" finished-at="2022-12-01T13:50:51 PKT" duration-ms="2020" status="PASS">
          <reporter-output>
          </reporter-output>
        </test-method> <!-- TC0016_GETGolfCourse -->
        <test-method signature="TC0017_GETGolfCoursePlayers()[pri:17, instance:apiAutomation.ApiAutomation@71809907]" started-at="2022-12-01T13:50:51 PKT" name="TC0017_GETGolfCoursePlayers" finished-at="2022-12-01T13:50:53 PKT" duration-ms="1549" status="PASS">
          <reporter-output>
          </reporter-output>
        </test-method> <!-- TC0017_GETGolfCoursePlayers -->
        <test-method signature="TC0018_GETGolfCourseRounds()[pri:18, instance:apiAutomation.ApiAutomation@71809907]" started-at="2022-12-01T13:50:53 PKT" name="TC0018_GETGolfCourseRounds" finished-at="2022-12-01T13:50:55 PKT" duration-ms="2444" status="PASS">
          <reporter-output>
          </reporter-output>
        </test-method> <!-- TC0018_GETGolfCourseRounds -->
        <test-method signature="TC0019_GETGolfCourseNearby()[pri:19, instance:apiAutomation.ApiAutomation@71809907]" started-at="2022-12-01T13:50:55 PKT" name="TC0019_GETGolfCourseNearby" finished-at="2022-12-01T13:51:02 PKT" duration-ms="7173" status="PASS">
          <reporter-output>
          </reporter-output>
        </test-method> <!-- TC0019_GETGolfCourseNearby -->
        <test-method signature="TC0020_GETGolfCourseActivities()[pri:20, instance:apiAutomation.ApiAutomation@71809907]" started-at="2022-12-01T13:51:02 PKT" name="TC0020_GETGolfCourseActivities" finished-at="2022-12-01T13:51:05 PKT" duration-ms="2136" status="PASS">
          <reporter-output>
          </reporter-output>
        </test-method> <!-- TC0020_GETGolfCourseActivities -->
        <test-method signature="TC0021_GETStrokeGainLastRound()[pri:21, instance:apiAutomation.ApiAutomation@71809907]" started-at="2022-12-01T13:51:05 PKT" name="TC0021_GETStrokeGainLastRound" finished-at="2022-12-01T13:51:05 PKT" duration-ms="989" status="PASS">
          <reporter-output>
          </reporter-output>
        </test-method> <!-- TC0021_GETStrokeGainLastRound -->
        <test-method signature="TC0022_GETStrokeGainLastRound()[pri:22, instance:apiAutomation.ApiAutomation@71809907]" started-at="2022-12-01T13:51:05 PKT" name="TC0022_GETStrokeGainLastRound" finished-at="2022-12-01T13:51:06 PKT" duration-ms="476" status="PASS">
          <reporter-output>
          </reporter-output>
        </test-method> <!-- TC0022_GETStrokeGainLastRound -->
        <test-method signature="TC0023_GETApproachMissLastRound()[pri:23, instance:apiAutomation.ApiAutomation@71809907]" started-at="2022-12-01T13:51:06 PKT" name="TC0023_GETApproachMissLastRound" finished-at="2022-12-01T13:51:06 PKT" duration-ms="465" status="PASS">
          <reporter-output>
          </reporter-output>
        </test-method> <!-- TC0023_GETApproachMissLastRound -->
        <test-method signature="TC0024_GETApproachMissLastRound()[pri:24, instance:apiAutomation.ApiAutomation@71809907]" started-at="2022-12-01T13:51:06 PKT" name="TC0024_GETApproachMissLastRound" finished-at="2022-12-01T13:51:07 PKT" duration-ms="449" status="PASS">
          <reporter-output>
          </reporter-output>
        </test-method> <!-- TC0024_GETApproachMissLastRound -->
        <test-method is-config="true" signature="GETLogoutUser()[pri:0, instance:apiAutomation.ApiAutomation@71809907]" started-at="2022-12-01T13:51:07 PKT" name="GETLogoutUser" finished-at="2022-12-01T13:51:08 PKT" duration-ms="1047" status="PASS">
          <reporter-output>
          </reporter-output>
        </test-method> <!-- GETLogoutUser -->
      </class> <!-- apiAutomation.ApiAutomation -->
    </test> <!-- Default test -->
  </suite> <!-- Default suite -->
</testng-results>
